<?xml version="1.0" encoding="UTF-8"?>
<!-- Generated by org.testng.reporters.JUnitXMLReporter -->
<testsuite ignored="0" hostname="LAPTOP-RNTFED1U" failures="0" tests="14" name="Test" time="245.856" errors="0" timestamp="17 Jan 2022 21:34:46 GMT">
  <testcase classname="TestOperations.testRunner" name="homePageGetTitle" time="9.123"/>
  <testcase classname="TestOperations.testRunner" name="homePageElement" time="13.179"/>
  <testcase classname="TestOperations.testRunner" name="validAgentDetails" time="25.373"/>
  <testcase classname="TestOperations.testRunner" name="validcustomerLoginDetails" time="16.362"/>
  <testcase classname="TestOperations.testRunner" name="validforgotPasswordDetails" time="13.704"/>
  <testcase classname="TestOperations.testRunner" name="validonewayBooking" time="16.061"/>
  <testcase classname="TestOperations.testRunner" name="validroundtripBooking" time="18.883"/>
  <testcase classname="TestOperations.testRunner" name="validFromAirportTripBooking" time="27.222"/>
  <testcase classname="TestOperations.testRunner" name="validToAirportTripBooking" time="23.563"/>
  <testcase classname="TestOperations.testRunner" name="validContactDetails" time="14.588"/>
  <testcase classname="TestOperations.testRunner" name="validbloggerSocialLinkDetails" time="16.747"/>
  <testcase classname="TestOperations.testRunner" name="validAboutDetails" time="15.503"/>
  <testcase classname="TestOperations.testRunner" name="validcabTypeDetails" time="14.979"/>
  <testcase classname="TestOperations.testRunner" name="validcarRentalDetails" time="16.263"/>
</testsuite> <!-- Test -->
